hamna_amir@DESKTOP-9S8E192:~$ spike -d --log-commits evaluation.elf
(spike) 
core   0: 0x0000000000001000 (0x00000297) auipc   t0, 0x0
core   0: 3 0x0000000000001000 (0x00000297) x5  0x0000000000001000
(spike) 
core   0: 0x0000000000001004 (0x02028593) addi    a1, t0, 32
core   0: 3 0x0000000000001004 (0x02028593) x11 0x0000000000001020
(spike) 
core   0: 0x0000000000001008 (0xf1402573) csrr    a0, mhartid
core   0: 3 0x0000000000001008 (0xf1402573) x10 0x0000000000000000
(spike) 
core   0: 0x000000000000100c (0x0182b283) ld      t0, 24(t0)
core   0: 3 0x000000000000100c (0x0182b283) x5  0x0000000080000000 mem 0x0000000000001018
(spike) 
core   0: 0x0000000000001010 (0x00028067) jr      t0
core   0: 3 0x0000000000001010 (0x00028067)
(spike) 
core   0: >>>>  $xrv64i2p1_m2p0_a2p1_f2p2_d2p2_zicsr2p0_zifencei2p0_zmmul1p0
core   0: 0x0000000080000000 (0x00000317) auipc   t1, 0x0
core   0: 3 0x0000000080000000 (0x00000317) x6  0x0000000080000000
(spike) 
core   0: 0x0000000080000004 (0x06832303) lw      t1, 104(t1)
core   0: 3 0x0000000080000004 (0x06832303) x6  0x0000000000000005 mem 0x0000000080000068
(spike) 
core   0: 0x0000000080000008 (0x00000393) li      t2, 0
core   0: 3 0x0000000080000008 (0x00000393) x7  0x0000000000000000
(spike) 
core   0: 0x000000008000000c (0x00100e13) li      t3, 1
core   0: 3 0x000000008000000c (0x00100e13) x28 0x0000000000000001
(spike) 
core   0: 0x0000000080000010 (0x00000e97) auipc   t4, 0x0
core   0: 3 0x0000000080000010 (0x00000e97) x29 0x0000000080000010
(spike) 
core   0: 0x0000000080000014 (0x05ce8e93) addi    t4, t4, 92
core   0: 3 0x0000000080000014 (0x05ce8e93) x29 0x000000008000006c
(spike) 
core   0: 0x0000000080000018 (0x007ea023) sw      t2, 0(t4)
core   0: 3 0x0000000080000018 (0x007ea023) mem 0x000000008000006c 0x00000000
(spike) 
core   0: 0x000000008000001c (0x004e8e93) addi    t4, t4, 4
core   0: 3 0x000000008000001c (0x004e8e93) x29 0x0000000080000070
(spike) 
core   0: 0x0000000080000020 (0xfff30313) addi    t1, t1, -1
core   0: 3 0x0000000080000020 (0xfff30313) x6  0x0000000000000004
(spike) 
core   0: 0x0000000080000024 (0x02030663) beqz    t1, pc + 44
core   0: 3 0x0000000080000024 (0x02030663)
(spike) 
core   0: 0x0000000080000028 (0x01cea023) sw      t3, 0(t4)
core   0: 3 0x0000000080000028 (0x01cea023) mem 0x0000000080000070 0x00000001
(spike) 
core   0: 0x000000008000002c (0x004e8e93) addi    t4, t4, 4
core   0: 3 0x000000008000002c (0x004e8e93) x29 0x0000000080000074
(spike) 
core   0: 0x0000000080000030 (0xfff30313) addi    t1, t1, -1
core   0: 3 0x0000000080000030 (0xfff30313) x6  0x0000000000000003
(spike) 
core   0: >>>>  loop
core   0: 0x0000000080000034 (0x01c38f33) add     t5, t2, t3
core   0: 3 0x0000000080000034 (0x01c38f33) x30 0x0000000000000001
(spike) 
core   0: 0x0000000080000038 (0x01eea023) sw      t5, 0(t4)
core   0: 3 0x0000000080000038 (0x01eea023) mem 0x0000000080000074 0x00000001
(spike) 
core   0: 0x000000008000003c (0x000e0393) mv      t2, t3
core   0: 3 0x000000008000003c (0x000e0393) x7  0x0000000000000001
(spike) 
core   0: 0x0000000080000040 (0x000f0e13) mv      t3, t5
core   0: 3 0x0000000080000040 (0x000f0e13) x28 0x0000000000000001
(spike) 
core   0: 0x0000000080000044 (0x004e8e93) addi    t4, t4, 4
core   0: 3 0x0000000080000044 (0x004e8e93) x29 0x0000000080000078
(spike) 
core   0: 0x0000000080000048 (0xfff30313) addi    t1, t1, -1
core   0: 3 0x0000000080000048 (0xfff30313) x6  0x0000000000000002
(spike) 
core   0: 0x000000008000004c (0xfe0314e3) bnez    t1, pc - 24
core   0: 3 0x000000008000004c (0xfe0314e3)
(spike) 
core   0: >>>>  loop
core   0: 0x0000000080000034 (0x01c38f33) add     t5, t2, t3
core   0: 3 0x0000000080000034 (0x01c38f33) x30 0x0000000000000002
(spike) 
core   0: 0x0000000080000038 (0x01eea023) sw      t5, 0(t4)
core   0: 3 0x0000000080000038 (0x01eea023) mem 0x0000000080000078 0x00000002
(spike) 
core   0: 0x000000008000003c (0x000e0393) mv      t2, t3
core   0: 3 0x000000008000003c (0x000e0393) x7  0x0000000000000001
(spike) 
core   0: 0x0000000080000040 (0x000f0e13) mv      t3, t5
core   0: 3 0x0000000080000040 (0x000f0e13) x28 0x0000000000000002
(spike) 
core   0: 0x0000000080000044 (0x004e8e93) addi    t4, t4, 4
core   0: 3 0x0000000080000044 (0x004e8e93) x29 0x000000008000007c
(spike) 
core   0: 0x0000000080000048 (0xfff30313) addi    t1, t1, -1
core   0: 3 0x0000000080000048 (0xfff30313) x6  0x0000000000000001
(spike) 
core   0: 0x000000008000004c (0xfe0314e3) bnez    t1, pc - 24
core   0: 3 0x000000008000004c (0xfe0314e3)
(spike) 
core   0: >>>>  loop
core   0: 0x0000000080000034 (0x01c38f33) add     t5, t2, t3
core   0: 3 0x0000000080000034 (0x01c38f33) x30 0x0000000000000003
(spike) 
core   0: 0x0000000080000038 (0x01eea023) sw      t5, 0(t4)
core   0: 3 0x0000000080000038 (0x01eea023) mem 0x000000008000007c 0x00000003
(spike) 
core   0: 0x000000008000003c (0x000e0393) mv      t2, t3
core   0: 3 0x000000008000003c (0x000e0393) x7  0x0000000000000002
(spike) 
core   0: 0x0000000080000040 (0x000f0e13) mv      t3, t5
core   0: 3 0x0000000080000040 (0x000f0e13) x28 0x0000000000000003
(spike) 
core   0: 0x0000000080000044 (0x004e8e93) addi    t4, t4, 4
core   0: 3 0x0000000080000044 (0x004e8e93) x29 0x0000000080000080
(spike) 
core   0: 0x0000000080000048 (0xfff30313) addi    t1, t1, -1
core   0: 3 0x0000000080000048 (0xfff30313) x6  0x0000000000000000
(spike) 
core   0: 0x000000008000004c (0xfe0314e3) bnez    t1, pc - 24
core   0: 3 0x000000008000004c (0xfe0314e3)
(spike) 
core   0: >>>>  done
core   0: 0x0000000080000050 (0x00100313) li      t1, 1
core   0: 3 0x0000000080000050 (0x00100313) x6  0x0000000000000001
(spike) 
core   0: 0x0000000080000054 (0x00000397) auipc   t2, 0x0
core   0: 3 0x0000000080000054 (0x00000397) x7  0x0000000080000054
(spike) 
core   0: 0x0000000080000058 (0x04438393) addi    t2, t2, 68
core   0: 3 0x0000000080000058 (0x04438393) x7  0x0000000080000098
(spike) 
core   0: 0x000000008000005c (0x0063b023) sd      t1, 0(t2)
core   0: 3 0x000000008000005c (0x0063b023) mem 0x0000000080000098 0x0000000000000001