(spike) 
core   0: 0x0000000000001000 (0x00000297) auipc   t0, 0x0
core   0: 3 0x0000000000001000 (0x00000297) x5  0x0000000000001000
(spike) 
core   0: 0x0000000000001004 (0x02028593) addi    a1, t0, 32
core   0: 3 0x0000000000001004 (0x02028593) x11 0x0000000000001020
(spike) 
core   0: 0x0000000000001008 (0xf1402573) csrr    a0, mhartid
core   0: 3 0x0000000000001008 (0xf1402573) x10 0x0000000000000000
(spike) 
core   0: 0x000000000000100c (0x0182b283) ld      t0, 24(t0)
core   0: 3 0x000000000000100c (0x0182b283) x5  0x0000000080000000 mem 0x0000000000001018
(spike) 
core   0: 0x0000000000001010 (0x00028067) jr      t0
core   0: 3 0x0000000000001010 (0x00028067)
(spike) 
core   0: >>>>  $xrv64i2p1_m2p0_a2p1_f2p2_d2p2_zicsr2p0_zifencei2p0_zmmul1p0
core   0: 0x0000000080000000 (0x00000297) auipc   t0, 0x0
core   0: 3 0x0000000080000000 (0x00000297) x5  0x0000000080000000
(spike) 
core   0: 0x0000000080000004 (0x07428293) addi    t0, t0, 116
core   0: 3 0x0000000080000004 (0x07428293) x5  0x0000000080000074
(spike) 
core   0: 0x0000000080000008 (0x0002a503) lw      a0, 0(t0)
core   0: 3 0x0000000080000008 (0x0002a503) x10 0x0000000000000007 mem 0x0000000080000074
(spike) 
core   0: 0x000000008000000c (0x00000797) auipc   a5, 0x0
core   0: 3 0x000000008000000c (0x00000797) x15 0x000000008000000c
(spike) 
core   0: 0x0000000080000010 (0x06c78793) addi    a5, a5, 108
core   0: 3 0x0000000080000010 (0x06c78793) x15 0x0000000080000078
(spike) 
core   0: 0x0000000080000014 (0x00000593) li      a1, 0
core   0: 3 0x0000000080000014 (0x00000593) x11 0x0000000000000000
(spike) 
core   0: 0x0000000080000018 (0x00100613) li      a2, 1
core   0: 3 0x0000000080000018 (0x00100613) x12 0x0000000000000001
(spike) 
core   0: 0x000000008000001c (0x00200713) li      a4, 2
core   0: 3 0x000000008000001c (0x00200713) x14 0x0000000000000002
(spike) 
core   0: 0x0000000080000020 (0x0007a303) lw      t1, 0(a5)
core   0: 3 0x0000000080000020 (0x0007a303) x6  0x0000000000000000 mem 0x0000000080000078
(spike) 
core   0: 0x0000000080000024 (0x00b303b3) add     t2, t1, a1
core   0: 3 0x0000000080000024 (0x00b303b3) x7  0x0000000000000000
(spike) 
core   0: 0x0000000080000028 (0x0077a023) sw      t2, 0(a5)
core   0: 3 0x0000000080000028 (0x0077a023) mem 0x0000000080000078 0x00000000
(spike) 
core   0: 0x000000008000002c (0x00478793) addi    a5, a5, 4
core   0: 3 0x000000008000002c (0x00478793) x15 0x000000008000007c
(spike) 
core   0: 0x0000000080000030 (0x0007a303) lw      t1, 0(a5)
core   0: 3 0x0000000080000030 (0x0007a303) x6  0x0000000000000000 mem 0x000000008000007c
(spike) 
core   0: 0x0000000080000034 (0x00c303b3) add     t2, t1, a2
core   0: 3 0x0000000080000034 (0x00c303b3) x7  0x0000000000000001
(spike) 
core   0: 0x0000000080000038 (0x0077a023) sw      t2, 0(a5)
core   0: 3 0x0000000080000038 (0x0077a023) mem 0x000000008000007c 0x00000001
(spike) 
core   0: >>>>  loop
core   0: 0x000000008000003c (0x00060693) mv      a3, a2
core   0: 3 0x000000008000003c (0x00060693) x13 0x0000000000000001
(spike) 
core   0: 0x0000000080000040 (0x00b60633) add     a2, a2, a1
core   0: 3 0x0000000080000040 (0x00b60633) x12 0x0000000000000001
(spike) 
core   0: 0x0000000080000044 (0x00478793) addi    a5, a5, 4
core   0: 3 0x0000000080000044 (0x00478793) x15 0x0000000080000080
(spike) 
core   0: 0x0000000080000048 (0x0007a303) lw      t1, 0(a5)
core   0: 3 0x0000000080000048 (0x0007a303) x6  0x0000000000000000 mem 0x0000000080000080
(spike) 
core   0: 0x000000008000004c (0x00c303b3) add     t2, t1, a2
core   0: 3 0x000000008000004c (0x00c303b3) x7  0x0000000000000001
(spike) 
core   0: 0x0000000080000050 (0x0077a023) sw      t2, 0(a5)
core   0: 3 0x0000000080000050 (0x0077a023) mem 0x0000000080000080 0x00000001
(spike) 
core   0: 0x0000000080000054 (0x00068593) mv      a1, a3
core   0: 3 0x0000000080000054 (0x00068593) x11 0x0000000000000001
(spike) 
core   0: 0x0000000080000058 (0x00170713) addi    a4, a4, 1
core   0: 3 0x0000000080000058 (0x00170713) x14 0x0000000000000003
(spike) 
core   0: 0x000000008000005c (0xfea740e3) blt     a4, a0, pc - 32
core   0: 3 0x000000008000005c (0xfea740e3)
(spike) 
core   0: >>>>  loop
core   0: 0x000000008000003c (0x00060693) mv      a3, a2
core   0: 3 0x000000008000003c (0x00060693) x13 0x0000000000000001
(spike) 
core   0: 0x0000000080000040 (0x00b60633) add     a2, a2, a1
core   0: 3 0x0000000080000040 (0x00b60633) x12 0x0000000000000002
(spike) 
core   0: 0x0000000080000044 (0x00478793) addi    a5, a5, 4
core   0: 3 0x0000000080000044 (0x00478793) x15 0x0000000080000084
(spike) 
core   0: 0x0000000080000048 (0x0007a303) lw      t1, 0(a5)
core   0: 3 0x0000000080000048 (0x0007a303) x6  0x0000000000000000 mem 0x0000000080000084
(spike) 
core   0: 0x000000008000004c (0x00c303b3) add     t2, t1, a2
core   0: 3 0x000000008000004c (0x00c303b3) x7  0x0000000000000002
(spike) 
core   0: 0x0000000080000050 (0x0077a023) sw      t2, 0(a5)
core   0: 3 0x0000000080000050 (0x0077a023) mem 0x0000000080000084 0x00000002
(spike) 
core   0: 0x0000000080000054 (0x00068593) mv      a1, a3
core   0: 3 0x0000000080000054 (0x00068593) x11 0x0000000000000001
(spike) 
core   0: 0x0000000080000058 (0x00170713) addi    a4, a4, 1
core   0: 3 0x0000000080000058 (0x00170713) x14 0x0000000000000004
(spike) 
core   0: 0x000000008000005c (0xfea740e3) blt     a4, a0, pc - 32
core   0: 3 0x000000008000005c (0xfea740e3)
(spike) 
core   0: >>>>  loop
core   0: 0x000000008000003c (0x00060693) mv      a3, a2
core   0: 3 0x000000008000003c (0x00060693) x13 0x0000000000000002
(spike) 
core   0: 0x0000000080000040 (0x00b60633) add     a2, a2, a1
core   0: 3 0x0000000080000040 (0x00b60633) x12 0x0000000000000003
(spike) 
core   0: 0x0000000080000044 (0x00478793) addi    a5, a5, 4
core   0: 3 0x0000000080000044 (0x00478793) x15 0x0000000080000088
(spike) 
core   0: 0x0000000080000048 (0x0007a303) lw      t1, 0(a5)
core   0: 3 0x0000000080000048 (0x0007a303) x6  0x0000000000000000 mem 0x0000000080000088
(spike) 
core   0: 0x000000008000004c (0x00c303b3) add     t2, t1, a2
core   0: 3 0x000000008000004c (0x00c303b3) x7  0x0000000000000003
(spike) 
core   0: 0x0000000080000050 (0x0077a023) sw      t2, 0(a5)
core   0: 3 0x0000000080000050 (0x0077a023) mem 0x0000000080000088 0x00000003
(spike) 
core   0: 0x0000000080000054 (0x00068593) mv      a1, a3
core   0: 3 0x0000000080000054 (0x00068593) x11 0x0000000000000002
(spike) 
core   0: 0x0000000080000058 (0x00170713) addi    a4, a4, 1
core   0: 3 0x0000000080000058 (0x00170713) x14 0x0000000000000005
(spike) 
core   0: 0x000000008000005c (0xfea740e3) blt     a4, a0, pc - 32
core   0: 3 0x000000008000005c (0xfea740e3)
(spike) 
core   0: >>>>  loop
core   0: 0x000000008000003c (0x00060693) mv      a3, a2
core   0: 3 0x000000008000003c (0x00060693) x13 0x0000000000000003
(spike) 
core   0: 0x0000000080000040 (0x00b60633) add     a2, a2, a1
core   0: 3 0x0000000080000040 (0x00b60633) x12 0x0000000000000005
(spike) 
core   0: 0x0000000080000044 (0x00478793) addi    a5, a5, 4
core   0: 3 0x0000000080000044 (0x00478793) x15 0x000000008000008c
(spike) 
core   0: 0x0000000080000048 (0x0007a303) lw      t1, 0(a5)
core   0: 3 0x0000000080000048 (0x0007a303) x6  0x0000000000000000 mem 0x000000008000008c
(spike) 
core   0: 0x000000008000004c (0x00c303b3) add     t2, t1, a2
core   0: 3 0x000000008000004c (0x00c303b3) x7  0x0000000000000005
(spike) 
core   0: 0x0000000080000050 (0x0077a023) sw      t2, 0(a5)
core   0: 3 0x0000000080000050 (0x0077a023) mem 0x000000008000008c 0x00000005
(spike) 
core   0: 0x0000000080000054 (0x00068593) mv      a1, a3
core   0: 3 0x0000000080000054 (0x00068593) x11 0x0000000000000003
(spike) 
core   0: 0x0000000080000058 (0x00170713) addi    a4, a4, 1
core   0: 3 0x0000000080000058 (0x00170713) x14 0x0000000000000006
(spike) 
core   0: 0x000000008000005c (0xfea740e3) blt     a4, a0, pc - 32
core   0: 3 0x000000008000005c (0xfea740e3)
(spike) 
core   0: >>>>  loop
core   0: 0x000000008000003c (0x00060693) mv      a3, a2
core   0: 3 0x000000008000003c (0x00060693) x13 0x0000000000000005
(spike) 
core   0: 0x0000000080000040 (0x00b60633) add     a2, a2, a1
core   0: 3 0x0000000080000040 (0x00b60633) x12 0x0000000000000008
(spike) 
core   0: 0x0000000080000044 (0x00478793) addi    a5, a5, 4
core   0: 3 0x0000000080000044 (0x00478793) x15 0x0000000080000090
(spike) 
core   0: 0x0000000080000048 (0x0007a303) lw      t1, 0(a5)
core   0: 3 0x0000000080000048 (0x0007a303) x6  0x0000000000000000 mem 0x0000000080000090
(spike) 
core   0: 0x000000008000004c (0x00c303b3) add     t2, t1, a2
core   0: 3 0x000000008000004c (0x00c303b3) x7  0x0000000000000008
(spike) 
core   0: 0x0000000080000050 (0x0077a023) sw      t2, 0(a5)
core   0: 3 0x0000000080000050 (0x0077a023) mem 0x0000000080000090 0x00000008
(spike) 
core   0: 0x0000000080000054 (0x00068593) mv      a1, a3
core   0: 3 0x0000000080000054 (0x00068593) x11 0x0000000000000005
(spike) 
core   0: 0x0000000080000058 (0x00170713) addi    a4, a4, 1
core   0: 3 0x0000000080000058 (0x00170713) x14 0x0000000000000007
(spike) 
core   0: 0x000000008000005c (0xfea740e3) blt     a4, a0, pc - 32
core   0: 3 0x000000008000005c (0xfea740e3)
(spike) 
core   0: 0x0000000080000060 (0x00100293) li      t0, 1
core   0: 3 0x0000000080000060 (0x00100293) x5  0x0000000000000001
(spike) 
core   0: 0x0000000080000064 (0x00000317) auipc   t1, 0x0
core   0: 3 0x0000000080000064 (0x00000317) x6  0x0000000080000064
(spike) 
core   0: 0x0000000080000068 (0x03430313) addi    t1, t1, 52
core   0: 3 0x0000000080000068 (0x03430313) x6  0x0000000080000098
(spike) 
core   0: 0x000000008000006c (0x00533023) sd      t0, 0(t1)
core   0: 3 0x000000008000006c (0x00533023) mem 0x0000000080000098 0x0000000000000001